
running: find_possible_optfile()
  The platform appears to be:  linux_amd64
  look for possible FORTRAN compilers
efc -o genmake_hello genmake_hello.f
../../../tools/genmake2: line 552: efc: command not found
gfortran -o genmake_hello genmake_hello.f
 gfortran test successful
g77 -o genmake_hello genmake_hello.f
../../../tools/genmake2: line 552: g77: command not found
f77 -o genmake_hello genmake_hello.f
../../../tools/genmake2: line 552: f77: command not found
pgf77 -o genmake_hello genmake_hello.f
../../../tools/genmake2: line 552: pgf77: command not found
pgf95 -o genmake_hello genmake_hello.f
../../../tools/genmake2: line 552: pgf95: command not found
ifc -o genmake_hello genmake_hello.f
../../../tools/genmake2: line 552: ifc: command not found
ifort -o genmake_hello genmake_hello.f
../../../tools/genmake2: line 552: ifort: command not found
f90 -o genmake_hello genmake_hello.f
../../../tools/genmake2: line 552: f90: command not found
f95 -o genmake_hello genmake_hello.f
 f95 test successful
mpif77 -o genmake_hello genmake_hello.f
 mpif77 test successful
mpf77 -o genmake_hello genmake_hello.f
../../../tools/genmake2: line 552: mpf77: command not found
mpxlf95 -o genmake_hello genmake_hello.f
../../../tools/genmake2: line 552: mpxlf95: command not found
g95 -o genmake_hello genmake_hello.f
../../../tools/genmake2: line 552: g95: command not found
  The possible FORTRAN compilers found in your path are:  gfortran f95 mpif77
  Setting OPTFILE to: ../../../tools/build_options/linux_amd64_gfortran
Get compiler version using: mpif77 --version
/central/software/OpenMPI/4.1.1_gcc-9.2.0/bin/mpif77
GNU Fortran (GCC) 9.2.0
Copyright (C) 2019 Free Software Foundation, Inc.
This is free software; see the source for copying conditions.  There is NO
warranty; not even for MERCHANTABILITY or FITNESS FOR A PARTICULAR PURPOSE.

<-- compiler version ----

running: check_fortran_compiler
 mpif77 -fconvert=big-endian -fimplicit-none -mcmodel=medium -O3 -funroll-loops -c genmake_tcomp.f
 mpif77 -fconvert=big-endian -fimplicit-none -mcmodel=medium -O3 -funroll-loops -o genmake_tcomp genmake_tcomp.o -L/central/software/netcdf-fortran/4.4.4/lib -lnetcdff -lnetcdf -lnetcdf
/usr/bin/ld: warning: libnetcdf.so.13, needed by /central/software/netcdf-fortran/4.4.4/lib/libnetcdff.so, may conflict with libnetcdf.so.7
/usr/bin/ld: warning: libnetcdf.so.13, needed by /central/software/netcdf-fortran/4.4.4/lib/libnetcdff.so, may conflict with libnetcdf.so.7
/usr/bin/ld: warning: libgfortran.so.3, needed by /central/software/netcdf-fortran/4.4.4/lib/libnetcdff.so, may conflict with libgfortran.so.5
 mpirun -np 1 ./genmake_tcomp
 hello world :            1
 hello world :            2
 hello world :            3
 --> set FC_CHECK= 5 /5

running: look_for_makedepend()
 --> set MAKEDEPEND=$(TOOLSDIR)/xmakedepend

running: check_HAVE_CLOC()
 running: get_fortran_c_namemangling()
 gcc -O0 -mcmodel=medium -c genmake_test.c
genmake_test.c: In function ‘tcall’:
genmake_test.c:1:31: warning: implicit declaration of function ‘tsub’ [-Wimplicit-function-declaration]
    1 | void tcall( char * string ) { tsub( string ); }
      |                               ^~~~
 mpif77 -fconvert=big-endian -fimplicit-none -mcmodel=medium -c genmake_tcomp.f
 --> set FC_NAMEMANGLE='#define FC_NAMEMANGLE(X)  X ## _'
gcc -O0 -mcmodel=medium -c genmake_tc_1.c
mpif77 -fconvert=big-endian -fimplicit-none -mcmodel=medium -o genmake_tc genmake_tc_2.f genmake_tc_1.o
  HELLO WORLD   1689364517.9241681     
 --> set HAVE_CLOC='t'

running: check_HAVE_SETRLSTK()
gcc -O0 -mcmodel=medium -c genmake_tc_1.c
      program hello
      external setrlstk
      call setrlstk()
      end
mpif77 -fconvert=big-endian -fimplicit-none -mcmodel=medium -o genmake_tc genmake_tc_2.f genmake_tc_1.o
 --> set HAVE_SETRLSTK='t'

running: check_HAVE_SIGREG()
gcc -O0 -mcmodel=medium -c genmake_tc_1.c
      program hello
      integer anint
      common /iv/ anint
      external sigreg
      call sigreg(anint)
      end
mpif77 -fconvert=big-endian -fimplicit-none -mcmodel=medium -o genmake_tc genmake_tc_2.f genmake_tc_1.o
 --> set HAVE_SIGREG='t'

running: check_HAVE_STAT()
gcc -O0 -mcmodel=medium -c genmake_tc_1.c
      program hello
      integer nbyte
      call tfsize(nbyte)
      print *," HELLO WORLD", nbyte
      end
mpif77 -fconvert=big-endian -fimplicit-none -mcmodel=medium -o genmake_tc genmake_tc_2.f genmake_tc_1.o
 --> set HAVE_STAT='t'

running: check_netcdf_libs()
===  genmake_tnc.F  >>>
      program fgennc
#include "netcdf.inc"
      integer iret, ncid, xid
      iret = nf_create('genmake_tnc.nc', NF_CLOBBER, ncid)
      IF (iret .NE. NF_NOERR) write(*,*) NF_STRERROR(iret)
      iret = nf_def_dim(ncid, 'X', 11, xid)
      IF (iret .NE. NF_NOERR) write(*,*) NF_STRERROR(iret)
      iret = nf_close(ncid)
      IF (iret .NE. NF_NOERR) write(*,*) NF_STRERROR(iret)
      end
<<<  genmake_tnc.F  ===
cat genmake_tnc.F |  cpp -traditional -P -DWORDLENGTH=4 -DNML_TERMINATOR -DALLOW_USE_MPI -DHAVE_SYSTEM -DHAVE_FDATE -DHAVE_ETIME_SBR -DHAVE_CLOC -DHAVE_SETRLSTK -DHAVE_SIGREG -DHAVE_STAT -I/central/software/netcdf-fortran/4.4.4/include -I/central/software/OpenMPI/4.1.1_gcc-9.2.0/include
mpif77  -fconvert=big-endian -fimplicit-none -mcmodel=medium -O3 -funroll-loops -c genmake_tnc.f  \ 
  &&  mpif77  -fconvert=big-endian -fimplicit-none -mcmodel=medium -O3 -funroll-loops -o genmake_tnc.o -L/central/software/netcdf-fortran/4.4.4/lib -lnetcdff -lnetcdf -lnetcdf
/usr/bin/ld: warning: libnetcdf.so.13, needed by /central/software/netcdf-fortran/4.4.4/lib/libnetcdff.so, may conflict with libnetcdf.so.7
/usr/bin/ld: warning: libnetcdf.so.13, needed by /central/software/netcdf-fortran/4.4.4/lib/libnetcdff.so, may conflict with libnetcdf.so.7
/usr/bin/ld: warning: libgfortran.so.3, needed by /central/software/netcdf-fortran/4.4.4/lib/libnetcdff.so, may conflict with libgfortran.so.5
check_netcdf: successful
 --> set HAVE_NETCDF='t'

running: check_HAVE_FLUSH()
  check_HAVE_FLUSH: successful
 --> set HAVE_FLUSH='t'
